<?xml version="1.0" encoding="UTF-8"?>
<testng-results ignored="0" total="4" passed="4" failed="0" skipped="0">
  <reporter-output>
  </reporter-output>
  <suite started-at="2023-11-30T16:03:15 IST" name="Default suite" finished-at="2023-11-30T16:03:23 IST" duration-ms="7610">
    <groups>
    </groups>
    <test started-at="2023-11-30T16:03:15 IST" name="Default test" finished-at="2023-11-30T16:03:23 IST" duration-ms="7610">
      <class name="bala.LibraryAPI">
        <test-method signature="addapi(java.lang.String,java.lang.String)[pri:0, instance:bala.LibraryAPI@34a3d150]" started-at="2023-11-30T16:03:15 IST" name="addapi" data-provider="booksdata" finished-at="2023-11-30T16:03:21 IST" duration-ms="5115" status="PASS">
          <params>
            <param index="0">
              <value>
                <![CDATA[vishal]]>
              </value>
            </param>
            <param index="1">
              <value>
                <![CDATA[01]]>
              </value>
            </param>
          </params>
          <reporter-output>
          </reporter-output>
        </test-method> <!-- addapi -->
        <test-method signature="addapi(java.lang.String,java.lang.String)[pri:0, instance:bala.LibraryAPI@34a3d150]" started-at="2023-11-30T16:03:21 IST" name="addapi" data-provider="booksdata" finished-at="2023-11-30T16:03:21 IST" duration-ms="706" status="PASS">
          <params>
            <param index="0">
              <value>
                <![CDATA[vishal]]>
              </value>
            </param>
            <param index="1">
              <value>
                <![CDATA[02]]>
              </value>
            </param>
          </params>
          <reporter-output>
          </reporter-output>
        </test-method> <!-- addapi -->
        <test-method signature="addapi(java.lang.String,java.lang.String)[pri:0, instance:bala.LibraryAPI@34a3d150]" started-at="2023-11-30T16:03:21 IST" name="addapi" data-provider="booksdata" finished-at="2023-11-30T16:03:22 IST" duration-ms="795" status="PASS">
          <params>
            <param index="0">
              <value>
                <![CDATA[vishal]]>
              </value>
            </param>
            <param index="1">
              <value>
                <![CDATA[03]]>
              </value>
            </param>
          </params>
          <reporter-output>
          </reporter-output>
        </test-method> <!-- addapi -->
        <test-method signature="addapi(java.lang.String,java.lang.String)[pri:0, instance:bala.LibraryAPI@34a3d150]" started-at="2023-11-30T16:03:22 IST" name="addapi" data-provider="booksdata" finished-at="2023-11-30T16:03:23 IST" duration-ms="859" status="PASS">
          <params>
            <param index="0">
              <value>
                <![CDATA[vishal]]>
              </value>
            </param>
            <param index="1">
              <value>
                <![CDATA[04]]>
              </value>
            </param>
          </params>
          <reporter-output>
          </reporter-output>
        </test-method> <!-- addapi -->
      </class> <!-- bala.LibraryAPI -->
    </test> <!-- Default test -->
  </suite> <!-- Default suite -->
</testng-results>
